<?xml version="1.0" encoding="UTF-8"?>
<testng-results skipped="0" failed="0" ignored="0" total="1" passed="1">
  <reporter-output>
  </reporter-output>
  <suite name="Default suite" duration-ms="10064" started-at="2019-06-18T17:33:06Z" finished-at="2019-06-18T17:33:16Z">
    <groups>
      <group name="smoke">
        <method signature="TestCumcumber.loginToOrangeHRM()[pri:0, instance:com.syntax.testcases.TestCumcumber@6a41eaa2]" name="loginToOrangeHRM" class="com.syntax.testcases.TestCumcumber"/>
      </group> <!-- smoke -->
    </groups>
    <test name="Default test" duration-ms="10064" started-at="2019-06-18T17:33:06Z" finished-at="2019-06-18T17:33:16Z">
      <class name="com.syntax.testcases.TestCumcumber">
        <test-method status="PASS" signature="setUp()[pri:0, instance:com.syntax.testcases.TestCumcumber@6a41eaa2]" name="setUp" is-config="true" duration-ms="6735" started-at="2019-06-18T17:33:06Z" finished-at="2019-06-18T17:33:13Z">
          <reporter-output>
          </reporter-output>
        </test-method> <!-- setUp -->
        <test-method status="PASS" signature="loginToOrangeHRM()[pri:0, instance:com.syntax.testcases.TestCumcumber@6a41eaa2]" name="loginToOrangeHRM" duration-ms="3001" started-at="2019-06-18T17:33:13Z" finished-at="2019-06-18T17:33:16Z">
          <reporter-output>
          </reporter-output>
        </test-method> <!-- loginToOrangeHRM -->
        <test-method status="PASS" signature="tearDown()[pri:0, instance:com.syntax.testcases.TestCumcumber@6a41eaa2]" name="tearDown" is-config="true" duration-ms="244" started-at="2019-06-18T17:33:16Z" finished-at="2019-06-18T17:33:16Z">
          <reporter-output>
          </reporter-output>
        </test-method> <!-- tearDown -->
      </class> <!-- com.syntax.testcases.TestCumcumber -->
    </test> <!-- Default test -->
  </suite> <!-- Default suite -->
</testng-results>
